[ 2017-06-27T13:06:20+08:00 ] ::1 /houtai/index.php
INFO: [ app_init ] --START--
INFO: Run Behavior\BuildLiteBehavior [ RunTime:0.000000s ]
INFO: [ app_init ] --END-- [ RunTime:0.001000s ]
INFO: [ app_begin ] --START--
INFO: Run Behavior\ReadHtmlCacheBehavior [ RunTime:0.000000s ]
INFO: [ app_begin ] --END-- [ RunTime:0.000000s ]
INFO: [ view_parse ] --START--
INFO: [ template_filter ] --START--
INFO: Run Behavior\ContentReplaceBehavior [ RunTime:0.000000s ]
INFO: [ template_filter ] --END-- [ RunTime:0.000000s ]
INFO: Run Behavior\ParseTemplateBehavior [ RunTime:0.008001s ]
INFO: [ view_parse ] --END-- [ RunTime:0.008001s ]
INFO: [ view_filter ] --START--
INFO: Run Behavior\WriteHtmlCacheBehavior [ RunTime:0.001000s ]
INFO: [ view_filter ] --END-- [ RunTime:0.001000s ]
INFO: [ app_end ] --START--
INFO: Run Behavior\ShowPageTraceBehavior [ RunTime:0.001000s ]
INFO: [ app_end ] --END-- [ RunTime:0.001000s ]

[ 2017-06-27T13:23:57+08:00 ] ::1 /houtai/index.php/Home/Index/index1
ERR: 非法操作:index1

[ 2017-06-27T13:23:58+08:00 ] ::1 /houtai/index.php/Home/Index/index1
ERR: 非法操作:index1

[ 2017-06-27T13:25:01+08:00 ] ::1 /houtai/index.php/Home/Index/index1.html?tab=0
ERR: 非法操作:index1

[ 2017-06-27T13:25:03+08:00 ] ::1 /houtai/index.php/Home/Index/index1.html?tab=0
ERR: 非法操作:index1

[ 2017-06-27T13:25:05+08:00 ] ::1 /houtai/index.php/Home/Index/index1.html?tab=0
ERR: 非法操作:index1

