[ 2017-06-29T08:58:22+08:00 ] ::1 /houtai/index.php/Home/Index/zhece.html
ERR: 非法操作:zhece

[ 2017-06-29T08:58:53+08:00 ] ::1 /houtai/index.php/Home/Index/zhece.html
ERR: 非法操作:zhece

[ 2017-06-29T08:59:43+08:00 ] ::1 /houtai/index.php/Home/Index/index1.html
ERR: 非法操作:index1

[ 2017-06-29T09:23:27+08:00 ] ::1 /houtai/index.php/Home/Index/zhuce.html
ERR: 模板不存在:./App/Home/View/Index/zhuce.html

[ 2017-06-29T09:23:28+08:00 ] ::1 /houtai/index.php/Home/Index/zhuce.html
ERR: 模板不存在:./App/Home/View/Index/zhuce.html

[ 2017-06-29T09:23:31+08:00 ] ::1 /houtai/index.php/Home/Index/zhuce.html
ERR: 模板不存在:./App/Home/View/Index/zhuce.html

[ 2017-06-29T09:23:33+08:00 ] ::1 /houtai/index.php/Home/Index/index.html
ERR: 模板不存在:./App/Home/View/Index/index.html

[ 2017-06-29T09:23:33+08:00 ] ::1 /houtai/index.php/Home/Index/index.html
ERR: 模板不存在:./App/Home/View/Index/index.html

[ 2017-06-29T10:30:20+08:00 ] ::1 /houtai/index.php/Home/Index/wenjian.html?tab=9
ERR: 模板不存在:./App/Home/View/Index/wenjian.html

[ 2017-06-29T10:30:30+08:00 ] ::1 /houtai/index.php/Home/Index/wenjian.html?tab=9
ERR: 模板不存在:./App/Home/View/Index/wenjian.html

[ 2017-06-29T10:30:41+08:00 ] ::1 /houtai/index.php/Home/Index/wenjian.html?tab=9
ERR: 模板不存在:./App/Home/View/Index/wenjian.html

